<?xml version="1.0" encoding="UTF-8"?>
<testng-results ignored="0" total="1" passed="1" failed="0" skipped="0">
  <reporter-output>
  </reporter-output>
  <suite started-at="2023-06-09T00:19:10 IST" name="Default suite" finished-at="2023-06-09T00:20:01 IST" duration-ms="50388">
    <groups>
      <group name="cucumber">
        <method signature="AbstractTestNGCucumberTests.runScenario(io.cucumber.testng.PickleWrapper,io.cucumber.testng.FeatureWrapper)[pri:0, instance:testrunner.Ex_03_Excel_TestRunner@2e385cce]" name="runScenario" class="io.cucumber.testng.AbstractTestNGCucumberTests"/>
      </group> <!-- cucumber -->
    </groups>
    <test started-at="2023-06-09T00:19:10 IST" name="Default test" finished-at="2023-06-09T00:20:01 IST" duration-ms="50388">
      <class name="testrunner.Ex_03_Excel_TestRunner">
        <test-method is-config="true" signature="setUpClass(org.testng.ITestContext)[pri:0, instance:testrunner.Ex_03_Excel_TestRunner@2e385cce]" started-at="2023-06-09T00:19:10 IST" name="setUpClass" finished-at="2023-06-09T00:19:11 IST" duration-ms="646" status="PASS">
          <params>
            <param index="0">
              <value>
                <![CDATA[org.testng.TestRunner@64c25a62]]>
              </value>
            </param>
          </params>
          <reporter-output>
          </reporter-output>
        </test-method> <!-- setUpClass -->
        <test-method signature="runScenario(io.cucumber.testng.PickleWrapper,io.cucumber.testng.FeatureWrapper)[pri:0, instance:testrunner.Ex_03_Excel_TestRunner@2e385cce]" started-at="2023-06-09T00:19:11 IST" name="runScenario" description="Runs Cucumber Scenarios" data-provider="scenarios" finished-at="2023-06-09T00:20:01 IST" duration-ms="49597" status="PASS">
          <params>
            <param index="0">
              <value>
                <![CDATA["Validate search functionality with valid data"]]>
              </value>
            </param>
            <param index="1">
              <value>
                <![CDATA["Product list"]]>
              </value>
            </param>
          </params>
          <reporter-output>
          </reporter-output>
        </test-method> <!-- runScenario -->
        <test-method is-config="true" signature="tearDownClass()[pri:0, instance:testrunner.Ex_03_Excel_TestRunner@2e385cce]" started-at="2023-06-09T00:20:01 IST" name="tearDownClass" finished-at="2023-06-09T00:20:01 IST" duration-ms="118" status="PASS">
          <reporter-output>
          </reporter-output>
        </test-method> <!-- tearDownClass -->
      </class> <!-- testrunner.Ex_03_Excel_TestRunner -->
    </test> <!-- Default test -->
  </suite> <!-- Default suite -->
</testng-results>
